2019-10-31 09:25:50.300  INFO 10808 --- [restartedMain] b.c.mobilepoint.MobilePointApplication   : Starting MobilePointApplication on LOB-GT413V1N with PID 10808 (C:\Desenvolvimento\faculdade\api-mobilepoint\target\classes started by Luis Fernando in C:\Desenvolvimento\faculdade\api-mobilepoint)
2019-10-31 09:25:50.349  INFO 10808 --- [restartedMain] b.c.mobilepoint.MobilePointApplication   : No active profile set, falling back to default profiles: default
2019-10-31 09:25:50.715  INFO 10808 --- [restartedMain] .e.DevToolsPropertyDefaultsPostProcessor : Devtools property defaults active! Set 'spring.devtools.add-properties' to 'false' to disable
2019-10-31 09:25:50.718  INFO 10808 --- [restartedMain] .e.DevToolsPropertyDefaultsPostProcessor : For additional web related logging consider setting the 'logging.level.web' property to 'DEBUG'
2019-10-31 09:25:56.459  INFO 10808 --- [restartedMain] .s.d.r.c.RepositoryConfigurationDelegate : Bootstrapping Spring Data repositories in DEFAULT mode.
2019-10-31 09:25:57.286  INFO 10808 --- [restartedMain] .s.d.r.c.RepositoryConfigurationDelegate : Finished Spring Data repository scanning in 713ms. Found 3 repository interfaces.
2019-10-31 09:25:59.481  INFO 10808 --- [restartedMain] trationDelegate$BeanPostProcessorChecker : Bean 'org.springframework.transaction.annotation.ProxyTransactionManagementConfiguration' of type [org.springframework.transaction.annotation.ProxyTransactionManagementConfiguration$$EnhancerBySpringCGLIB$$a130df10] is not eligible for getting processed by all BeanPostProcessors (for example: not eligible for auto-proxying)
2019-10-31 09:26:02.508  INFO 10808 --- [restartedMain] o.s.b.w.embedded.tomcat.TomcatWebServer  : Tomcat initialized with port(s): 9091 (http)
2019-10-31 09:26:02.722  INFO 10808 --- [restartedMain] o.apache.catalina.core.StandardService   : Starting service [Tomcat]
2019-10-31 09:26:02.728  INFO 10808 --- [restartedMain] org.apache.catalina.core.StandardEngine  : Starting Servlet engine: [Apache Tomcat/9.0.22]
2019-10-31 09:26:03.519  INFO 10808 --- [restartedMain] o.a.c.c.C.[Tomcat].[localhost].[/]       : Initializing Spring embedded WebApplicationContext
2019-10-31 09:26:03.524  INFO 10808 --- [restartedMain] o.s.web.context.ContextLoader            : Root WebApplicationContext: initialization completed in 12805 ms
2019-10-31 09:26:04.661  INFO 10808 --- [restartedMain] o.hibernate.jpa.internal.util.LogHelper  : HHH000204: Processing PersistenceUnitInfo [
	name: default
	...]
2019-10-31 09:26:05.255  INFO 10808 --- [restartedMain] org.hibernate.Version                    : HHH000412: Hibernate Core {5.3.10.Final}
2019-10-31 09:26:05.266  INFO 10808 --- [restartedMain] org.hibernate.cfg.Environment            : HHH000206: hibernate.properties not found
2019-10-31 09:26:07.113  INFO 10808 --- [restartedMain] o.hibernate.annotations.common.Version   : HCANN000001: Hibernate Commons Annotations {5.0.4.Final}
2019-10-31 09:26:08.825  INFO 10808 --- [restartedMain] com.zaxxer.hikari.HikariDataSource       : HikariPool-1 - Starting...
2019-10-31 09:26:09.624  INFO 10808 --- [restartedMain] com.zaxxer.hikari.HikariDataSource       : HikariPool-1 - Start completed.
2019-10-31 09:26:09.746  INFO 10808 --- [restartedMain] org.hibernate.dialect.Dialect            : HHH000400: Using dialect: org.hibernate.dialect.MySQL5Dialect
2019-10-31 09:26:16.606  INFO 10808 --- [restartedMain] j.LocalContainerEntityManagerFactoryBean : Initialized JPA EntityManagerFactory for persistence unit 'default'
2019-10-31 09:26:17.018  INFO 10808 --- [restartedMain] o.s.b.d.a.OptionalLiveReloadServer       : LiveReload server is running on port 35729
2019-10-31 09:26:18.977  INFO 10808 --- [restartedMain] o.h.h.i.QueryTranslatorFactoryInitiator  : HHH000397: Using ASTQueryTranslatorFactory
2019-10-31 09:26:22.343  INFO 10808 --- [restartedMain] o.s.s.concurrent.ThreadPoolTaskExecutor  : Initializing ExecutorService 'applicationTaskExecutor'
2019-10-31 09:26:22.714  WARN 10808 --- [restartedMain] aWebConfiguration$JpaWebMvcConfiguration : spring.jpa.open-in-view is enabled by default. Therefore, database queries may be performed during view rendering. Explicitly configure spring.jpa.open-in-view to disable this warning
2019-10-31 09:26:25.072  INFO 10808 --- [restartedMain] o.s.b.w.embedded.tomcat.TomcatWebServer  : Tomcat started on port(s): 9091 (http) with context path ''
2019-10-31 09:26:25.092  INFO 10808 --- [restartedMain] b.c.mobilepoint.MobilePointApplication   : Started MobilePointApplication in 37.348 seconds (JVM running for 50.649)
2019-10-31 09:26:30.327  INFO 10808 --- [http-nio-9091-exec-1] o.a.c.c.C.[Tomcat].[localhost].[/]       : Initializing Spring DispatcherServlet 'dispatcherServlet'
2019-10-31 09:26:30.347  INFO 10808 --- [http-nio-9091-exec-1] o.s.web.servlet.DispatcherServlet        : Initializing Servlet 'dispatcherServlet'
2019-10-31 09:26:30.452  INFO 10808 --- [http-nio-9091-exec-1] o.s.web.servlet.DispatcherServlet        : Completed initialization in 104 ms
2019-10-31 09:29:46.623  INFO 10808 --- [RMI TCP Connection(2)-127.0.0.1] inMXBeanRegistrar$SpringApplicationAdmin : Application shutdown requested.
2019-10-31 09:29:46.681  INFO 10808 --- [RMI TCP Connection(2)-127.0.0.1] o.s.s.concurrent.ThreadPoolTaskExecutor  : Shutting down ExecutorService 'applicationTaskExecutor'
2019-10-31 09:29:46.730  INFO 10808 --- [RMI TCP Connection(2)-127.0.0.1] j.LocalContainerEntityManagerFactoryBean : Closing JPA EntityManagerFactory for persistence unit 'default'
2019-10-31 09:29:46.756  INFO 10808 --- [RMI TCP Connection(2)-127.0.0.1] com.zaxxer.hikari.HikariDataSource       : HikariPool-1 - Shutdown initiated...
2019-10-31 09:29:47.010  INFO 10808 --- [RMI TCP Connection(2)-127.0.0.1] com.zaxxer.hikari.HikariDataSource       : HikariPool-1 - Shutdown completed.
2019-10-31 09:30:27.444  INFO 2032 --- [restartedMain] b.c.mobilepoint.MobilePointApplication   : Starting MobilePointApplication on LOB-GT413V1N with PID 2032 (C:\Desenvolvimento\faculdade\api-mobilepoint\target\classes started by Luis Fernando in C:\Desenvolvimento\faculdade\api-mobilepoint)
2019-10-31 09:30:27.461  INFO 2032 --- [restartedMain] b.c.mobilepoint.MobilePointApplication   : No active profile set, falling back to default profiles: default
2019-10-31 09:30:27.682  INFO 2032 --- [restartedMain] .e.DevToolsPropertyDefaultsPostProcessor : Devtools property defaults active! Set 'spring.devtools.add-properties' to 'false' to disable
2019-10-31 09:30:27.683  INFO 2032 --- [restartedMain] .e.DevToolsPropertyDefaultsPostProcessor : For additional web related logging consider setting the 'logging.level.web' property to 'DEBUG'
2019-10-31 09:30:30.914  INFO 2032 --- [restartedMain] .s.d.r.c.RepositoryConfigurationDelegate : Bootstrapping Spring Data repositories in DEFAULT mode.
2019-10-31 09:30:31.243  INFO 2032 --- [restartedMain] .s.d.r.c.RepositoryConfigurationDelegate : Finished Spring Data repository scanning in 297ms. Found 3 repository interfaces.
2019-10-31 09:30:32.914  INFO 2032 --- [restartedMain] trationDelegate$BeanPostProcessorChecker : Bean 'org.springframework.transaction.annotation.ProxyTransactionManagementConfiguration' of type [org.springframework.transaction.annotation.ProxyTransactionManagementConfiguration$$EnhancerBySpringCGLIB$$b4e4a770] is not eligible for getting processed by all BeanPostProcessors (for example: not eligible for auto-proxying)
2019-10-31 09:30:34.253  INFO 2032 --- [restartedMain] o.s.b.w.embedded.tomcat.TomcatWebServer  : Tomcat initialized with port(s): 9091 (http)
2019-10-31 09:30:34.357  INFO 2032 --- [restartedMain] o.apache.catalina.core.StandardService   : Starting service [Tomcat]
2019-10-31 09:30:34.361  INFO 2032 --- [restartedMain] org.apache.catalina.core.StandardEngine  : Starting Servlet engine: [Apache Tomcat/9.0.22]
2019-10-31 09:30:34.791  INFO 2032 --- [restartedMain] o.a.c.c.C.[Tomcat].[localhost].[/]       : Initializing Spring embedded WebApplicationContext
2019-10-31 09:30:34.792  INFO 2032 --- [restartedMain] o.s.web.context.ContextLoader            : Root WebApplicationContext: initialization completed in 7107 ms
2019-10-31 09:30:35.526  INFO 2032 --- [restartedMain] o.hibernate.jpa.internal.util.LogHelper  : HHH000204: Processing PersistenceUnitInfo [
	name: default
	...]
2019-10-31 09:30:35.781  INFO 2032 --- [restartedMain] org.hibernate.Version                    : HHH000412: Hibernate Core {5.3.10.Final}
2019-10-31 09:30:35.791  INFO 2032 --- [restartedMain] org.hibernate.cfg.Environment            : HHH000206: hibernate.properties not found
2019-10-31 09:30:36.319  INFO 2032 --- [restartedMain] o.hibernate.annotations.common.Version   : HCANN000001: Hibernate Commons Annotations {5.0.4.Final}
2019-10-31 09:30:37.247  INFO 2032 --- [restartedMain] com.zaxxer.hikari.HikariDataSource       : HikariPool-1 - Starting...
2019-10-31 09:30:37.695  INFO 2032 --- [restartedMain] com.zaxxer.hikari.HikariDataSource       : HikariPool-1 - Start completed.
2019-10-31 09:30:37.736  INFO 2032 --- [restartedMain] org.hibernate.dialect.Dialect            : HHH000400: Using dialect: org.hibernate.dialect.MySQL5Dialect
2019-10-31 09:30:42.734  INFO 2032 --- [restartedMain] j.LocalContainerEntityManagerFactoryBean : Initialized JPA EntityManagerFactory for persistence unit 'default'
2019-10-31 09:30:42.902  INFO 2032 --- [restartedMain] o.s.b.d.a.OptionalLiveReloadServer       : LiveReload server is running on port 35729
2019-10-31 09:30:44.071  INFO 2032 --- [restartedMain] o.h.h.i.QueryTranslatorFactoryInitiator  : HHH000397: Using ASTQueryTranslatorFactory
2019-10-31 09:30:45.512  INFO 2032 --- [restartedMain] o.s.s.concurrent.ThreadPoolTaskExecutor  : Initializing ExecutorService 'applicationTaskExecutor'
2019-10-31 09:30:45.671  WARN 2032 --- [restartedMain] aWebConfiguration$JpaWebMvcConfiguration : spring.jpa.open-in-view is enabled by default. Therefore, database queries may be performed during view rendering. Explicitly configure spring.jpa.open-in-view to disable this warning
2019-10-31 09:30:46.667  INFO 2032 --- [restartedMain] o.s.b.w.embedded.tomcat.TomcatWebServer  : Tomcat started on port(s): 9091 (http) with context path ''
2019-10-31 09:30:46.679  INFO 2032 --- [restartedMain] b.c.mobilepoint.MobilePointApplication   : Started MobilePointApplication in 20.701 seconds (JVM running for 26.03)
2019-10-31 09:31:18.923  INFO 2032 --- [http-nio-9091-exec-1] o.a.c.c.C.[Tomcat].[localhost].[/]       : Initializing Spring DispatcherServlet 'dispatcherServlet'
2019-10-31 09:31:18.967  INFO 2032 --- [http-nio-9091-exec-1] o.s.web.servlet.DispatcherServlet        : Initializing Servlet 'dispatcherServlet'
2019-10-31 09:31:19.077  INFO 2032 --- [http-nio-9091-exec-1] o.s.web.servlet.DispatcherServlet        : Completed initialization in 97 ms
